<?xml version="1.0" encoding="UTF-8"?>
<!-- Generated by org.testng.reporters.JUnitReportReporter -->
<testsuite hostname="Mahadev" failures="1" tests="2" name="firsttestngpackage.AssignmentSoftAssr" time="9.059" errors="0" timestamp="13 Feb 2018 02:48:54 GMT" skipped="0">
  <testcase classname="firsttestngpackage.AssignmentSoftAssr" name="quitbrowser" time="2.433"/>
  <testcase classname="firsttestngpackage.AssignmentSoftAssr" name="invokebrowser" time="6.626">
    <failure message="The following asserts failed:
	expected [Facebook1 - Log In or Sign Up] but found [Facebook - Log In or Sign Up]" type="java.lang.AssertionError">
      <![CDATA[java.lang.AssertionError: The following asserts failed:expected [Facebook1 - Log In or Sign Up] but found [Facebook - Log In or Sign Up]at org.testng.asserts.SoftAssert.assertAll(SoftAssert.java:43)at firsttestngpackage.AssignmentSoftAssr.invokebrowser(AssignmentSoftAssr.java:50)at java.base/jdk.internal.reflect.NativeMethodAccessorImpl.invoke0(Native Method)at java.base/jdk.internal.reflect.NativeMethodAccessorImpl.invoke(Unknown Source)at java.base/jdk.internal.reflect.DelegatingMethodAccessorImpl.invoke(Unknown Source)at java.base/java.lang.reflect.Method.invoke(Unknown Source)at org.testng.internal.MethodInvocationHelper.invokeMethod(MethodInvocationHelper.java:124)at org.testng.internal.Invoker.invokeMethod(Invoker.java:571)at org.testng.internal.Invoker.invokeTestMethod(Invoker.java:707)at org.testng.internal.Invoker.invokeTestMethods(Invoker.java:979)at org.testng.internal.TestMethodWorker.invokeTestMethods(TestMethodWorker.java:125)at org.testng.internal.TestMethodWorker.run(TestMethodWorker.java:109)at org.testng.TestRunner.privateRun(TestRunner.java:648)at org.testng.TestRunner.run(TestRunner.java:505)at org.testng.SuiteRunner.runTest(SuiteRunner.java:455)at org.testng.SuiteRunner.runSequentially(SuiteRunner.java:450)at org.testng.SuiteRunner.privateRun(SuiteRunner.java:415)at org.testng.SuiteRunner.run(SuiteRunner.java:364)at org.testng.SuiteRunnerWorker.runSuite(SuiteRunnerWorker.java:52)at org.testng.SuiteRunnerWorker.run(SuiteRunnerWorker.java:84)at org.testng.TestNG.runSuitesSequentially(TestNG.java:1187)at org.testng.TestNG.runSuitesLocally(TestNG.java:1116)at org.testng.TestNG.runSuites(TestNG.java:1028)at org.testng.TestNG.run(TestNG.java:996)at org.testng.remote.AbstractRemoteTestNG.run(AbstractRemoteTestNG.java:114)at org.testng.remote.RemoteTestNG.initAndRun(RemoteTestNG.java:251)at org.testng.remote.RemoteTestNG.main(RemoteTestNG.java:77)]]>
    </failure>
  </testcase> <!-- invokebrowser -->
</testsuite> <!-- firsttestngpackage.AssignmentSoftAssr -->
